This is pdfTeX, Version 3.14159265-2.6-1.40.15 (TeX Live 2014) (preloaded format=pdflatex 2015.4.29)  30 APR 2015 13:59
entering extended mode
 restricted \write18 enabled.
 %&-line parsing enabled.
**report.tex
(./report.tex
LaTeX2e <2014/05/01>
Babel <3.9k> and hyphenation patterns for 78 languages loaded.
(/usr/local/texlive/2014/texmf-dist/tex/latex/base/report.cls
Document Class: report 2007/10/19 v1.4h Standard LaTeX document class
(/usr/local/texlive/2014/texmf-dist/tex/latex/base/size10.clo
File: size10.clo 2007/10/19 v1.4h Standard LaTeX file (size option)
)
\c@part=\count79
\c@chapter=\count80
\c@section=\count81
\c@subsection=\count82
\c@subsubsection=\count83
\c@paragraph=\count84
\c@subparagraph=\count85
\c@figure=\count86
\c@table=\count87
\abovecaptionskip=\skip41
\belowcaptionskip=\skip42
\bibindent=\dimen102
)
(/usr/local/texlive/2014/texmf-dist/tex/latex/titlesec/titlesec.sty
Package: titlesec 2011/12/15 v2.10.0 Sectioning titles
\ttl@box=\box26
\beforetitleunit=\skip43
\aftertitleunit=\skip44
\ttl@plus=\dimen103
\ttl@minus=\dimen104
\ttl@toksa=\toks14
\titlewidth=\dimen105
\titlewidthlast=\dimen106
\titlewidthfirst=\dimen107
)
(/usr/local/texlive/2014/texmf-dist/tex/latex/graphics/graphicx.sty
Package: graphicx 2014/04/25 v1.0g Enhanced LaTeX Graphics (DPC,SPQR)

(/usr/local/texlive/2014/texmf-dist/tex/latex/graphics/keyval.sty
Package: keyval 2014/05/08 v1.15 key=value parser (DPC)
\KV@toks@=\toks15
)
(/usr/local/texlive/2014/texmf-dist/tex/latex/graphics/graphics.sty
Package: graphics 2009/02/05 v1.0o Standard LaTeX Graphics (DPC,SPQR)

(/usr/local/texlive/2014/texmf-dist/tex/latex/graphics/trig.sty
Package: trig 1999/03/16 v1.09 sin cos tan (DPC)
)
(/usr/local/texlive/2014/texmf-dist/tex/latex/latexconfig/graphics.cfg
File: graphics.cfg 2010/04/23 v1.9 graphics configuration of TeX Live
)
Package graphics Info: Driver file: pdftex.def on input line 91.

(/usr/local/texlive/2014/texmf-dist/tex/latex/pdftex-def/pdftex.def
File: pdftex.def 2011/05/27 v0.06d Graphics/color for pdfTeX

(/usr/local/texlive/2014/texmf-dist/tex/generic/oberdiek/infwarerr.sty
Package: infwarerr 2010/04/08 v1.3 Providing info/warning/error messages (HO)
)
(/usr/local/texlive/2014/texmf-dist/tex/generic/oberdiek/ltxcmds.sty
Package: ltxcmds 2011/11/09 v1.22 LaTeX kernel commands for general use (HO)
)
\Gread@gobject=\count88
))
\Gin@req@height=\dimen108
\Gin@req@width=\dimen109
)
(/usr/local/texlive/2014/texmf-dist/tex/latex/framed/framed.sty
Package: framed 2011/10/22 v 0.96: framed or shaded text with page breaks
\OuterFrameSep=\skip45
\fb@frw=\dimen110
\fb@frh=\dimen111
\FrameRule=\dimen112
\FrameSep=\dimen113
)
(/usr/local/texlive/2014/texmf-dist/tex/latex/pdfpages/pdfpages.sty
Package: pdfpages 2013/08/25 v0.4v Insert pages of external PDF documents (AM)

(/usr/local/texlive/2014/texmf-dist/tex/latex/base/ifthen.sty
Package: ifthen 2001/05/26 v1.1c Standard LaTeX ifthen package (DPC)
)
(/usr/local/texlive/2014/texmf-dist/tex/latex/tools/calc.sty
Package: calc 2007/08/22 v4.3 Infix arithmetic (KKT,FJ)
\calc@Acount=\count89
\calc@Bcount=\count90
\calc@Adimen=\dimen114
\calc@Bdimen=\dimen115
\calc@Askip=\skip46
\calc@Bskip=\skip47
LaTeX Info: Redefining \setlength on input line 75.
LaTeX Info: Redefining \addtolength on input line 76.
\calc@Ccount=\count91
\calc@Cskip=\skip48
)
(/usr/local/texlive/2014/texmf-dist/tex/latex/eso-pic/eso-pic.sty
Package: eso-pic 2013/10/06 v2.0d eso-pic (RN)

(/usr/local/texlive/2014/texmf-dist/tex/generic/oberdiek/atbegshi.sty
Package: atbegshi 2011/10/05 v1.16 At begin shipout hook (HO)

(/usr/local/texlive/2014/texmf-dist/tex/generic/oberdiek/ifpdf.sty
Package: ifpdf 2011/01/30 v2.3 Provides the ifpdf switch (HO)
Package ifpdf Info: pdfTeX in PDF mode is detected.
))
(/usr/local/texlive/2014/texmf-dist/tex/latex/xcolor/xcolor.sty
Package: xcolor 2007/01/21 v2.11 LaTeX color extensions (UK)

(/usr/local/texlive/2014/texmf-dist/tex/latex/latexconfig/color.cfg
File: color.cfg 2007/01/18 v1.5 color configuration of teTeX/TeXLive
)
Package xcolor Info: Driver file: pdftex.def on input line 225.
Package xcolor Info: Model `cmy' substituted by `cmy0' on input line 1337.
Package xcolor Info: Model `hsb' substituted by `rgb' on input line 1341.
Package xcolor Info: Model `RGB' extended on input line 1353.
Package xcolor Info: Model `HTML' substituted by `rgb' on input line 1355.
Package xcolor Info: Model `Hsb' substituted by `hsb' on input line 1356.
Package xcolor Info: Model `tHsb' substituted by `hsb' on input line 1357.
Package xcolor Info: Model `HSB' substituted by `hsb' on input line 1358.
Package xcolor Info: Model `Gray' substituted by `gray' on input line 1359.
Package xcolor Info: Model `wave' substituted by `hsb' on input line 1360.
))
(/usr/local/texlive/2014/texmf-dist/tex/latex/pdfpages/pppdftex.def
File: pppdftex.def 2013/08/25 v0.4v Pdfpages driver for pdfTeX (AM)
)
\AM@pagebox=\box27
\AM@toc@title=\toks16
\c@AM@survey=\count92
\AM@templatesizebox=\box28
)
(/usr/local/texlive/2014/texmf-dist/tex/latex/wrapfig/wrapfig.sty
\wrapoverhang=\dimen116
\WF@size=\dimen117
\c@WF@wrappedlines=\count93
\WF@box=\box29
\WF@everypar=\toks17
Package: wrapfig 2003/01/31  v 3.6
)
(./report.aux

LaTeX Warning: Label `fig:WinTitleBarScreen' multiply defined.


LaTeX Warning: Label `fig:WinTitleBarScreen' multiply defined.


LaTeX Warning: Label `fig:WinTitleBarScreen' multiply defined.


LaTeX Warning: Label `fig:WinTitleBarScreen' multiply defined.


LaTeX Warning: Label `fig:WinTitleBarScreen' multiply defined.


LaTeX Warning: Label `fig:WinTitleBarScreen' multiply defined.


LaTeX Warning: Label `fig:WinTitleBarScreen' multiply defined.


LaTeX Warning: Label `fig:WinTitleBarScreen' multiply defined.

)
\openout1 = `report.aux'.

LaTeX Font Info:    Checking defaults for OML/cmm/m/it on input line 23.
LaTeX Font Info:    ... okay on input line 23.
LaTeX Font Info:    Checking defaults for T1/cmr/m/n on input line 23.
LaTeX Font Info:    ... okay on input line 23.
LaTeX Font Info:    Checking defaults for OT1/cmr/m/n on input line 23.
LaTeX Font Info:    ... okay on input line 23.
LaTeX Font Info:    Checking defaults for OMS/cmsy/m/n on input line 23.
LaTeX Font Info:    ... okay on input line 23.
LaTeX Font Info:    Checking defaults for OMX/cmex/m/n on input line 23.
LaTeX Font Info:    ... okay on input line 23.
LaTeX Font Info:    Checking defaults for U/cmr/m/n on input line 23.
LaTeX Font Info:    ... okay on input line 23.
 (/usr/local/texlive/2014/texmf-dist/tex/context/base/supp-pdf.mkii
[Loading MPS to PDF converter (version 2006.09.02).]
\scratchcounter=\count94
\scratchdimen=\dimen118
\scratchbox=\box30
\nofMPsegments=\count95
\nofMParguments=\count96
\everyMPshowfont=\toks18
\MPscratchCnt=\count97
\MPscratchDim=\dimen119
\MPnumerator=\count98
\makeMPintoPDFobject=\count99
\everyMPtoPDFconversion=\toks19
) (/usr/local/texlive/2014/texmf-dist/tex/generic/oberdiek/pdftexcmds.sty
Package: pdftexcmds 2011/11/29 v0.20 Utility functions of pdfTeX for LuaTeX (HO
)

(/usr/local/texlive/2014/texmf-dist/tex/generic/oberdiek/ifluatex.sty
Package: ifluatex 2010/03/01 v1.3 Provides the ifluatex switch (HO)
Package ifluatex Info: LuaTeX not detected.
)
Package pdftexcmds Info: LuaTeX not detected.
Package pdftexcmds Info: \pdf@primitive is available.
Package pdftexcmds Info: \pdf@ifprimitive is available.
Package pdftexcmds Info: \pdfdraftmode found.
)
(/usr/local/texlive/2014/texmf-dist/tex/latex/oberdiek/epstopdf-base.sty
Package: epstopdf-base 2010/02/09 v2.5 Base part for package epstopdf

(/usr/local/texlive/2014/texmf-dist/tex/latex/oberdiek/grfext.sty
Package: grfext 2010/08/19 v1.1 Manage graphics extensions (HO)

(/usr/local/texlive/2014/texmf-dist/tex/generic/oberdiek/kvdefinekeys.sty
Package: kvdefinekeys 2011/04/07 v1.3 Define keys (HO)
))
(/usr/local/texlive/2014/texmf-dist/tex/latex/oberdiek/kvoptions.sty
Package: kvoptions 2011/06/30 v3.11 Key value format for package options (HO)

(/usr/local/texlive/2014/texmf-dist/tex/generic/oberdiek/kvsetkeys.sty
Package: kvsetkeys 2012/04/25 v1.16 Key value parser (HO)

(/usr/local/texlive/2014/texmf-dist/tex/generic/oberdiek/etexcmds.sty
Package: etexcmds 2011/02/16 v1.5 Avoid name clashes with e-TeX commands (HO)
Package etexcmds Info: Could not find \expanded.
(etexcmds)             That can mean that you are not using pdfTeX 1.50 or
(etexcmds)             that some package has redefined \expanded.
(etexcmds)             In the latter case, load this package earlier.
)))
Package grfext Info: Graphics extension search list:
(grfext)             [.png,.pdf,.jpg,.mps,.jpeg,.jbig2,.jb2,.PNG,.PDF,.JPG,.JPE
G,.JBIG2,.JB2,.eps]
(grfext)             \AppendGraphicsExtensions on input line 452.

(/usr/local/texlive/2014/texmf-dist/tex/latex/latexconfig/epstopdf-sys.cfg
File: epstopdf-sys.cfg 2010/07/13 v1.3 Configuration of (r)epstopdf for TeX Liv
e
))
\AtBeginShipoutBox=\box31
LaTeX Font Info:    External font `cmex10' loaded for size
(Font)              <12> on input line 29.
LaTeX Font Info:    External font `cmex10' loaded for size
(Font)              <8> on input line 29.
LaTeX Font Info:    External font `cmex10' loaded for size
(Font)              <6> on input line 29.

[1

{/usr/local/texlive/2014/texmf-var/fonts/map/pdftex/updmap/pdftex.map}]
(./report.toc
LaTeX Font Info:    External font `cmex10' loaded for size
(Font)              <7> on input line 2.
LaTeX Font Info:    External font `cmex10' loaded for size
(Font)              <5> on input line 2.
 [1

])
\tf@toc=\write3
\openout3 = `report.toc'.

 [2] (./report.lof
! You can't use `macro parameter character #' in horizontal mode.
<argument> ....5}{\ignorespaces Inode Structure ##
                                                  ######TODO : give source t...
l.22 ...ure ####TODO : give source to image.}}{30}
                                                  
? 
! You can't use `macro parameter character #' in horizontal mode.
<argument> ...}{\ignorespaces Inode Structure ####
                                                  ####TODO : give source to ...
l.22 ...ure ####TODO : give source to image.}}{30}
                                                  
? 
! You can't use `macro parameter character #' in horizontal mode.
<argument> ...\ignorespaces Inode Structure ######
                                                  ##TODO : give source to im...
l.22 ...ure ####TODO : give source to image.}}{30}
                                                  
? 
! You can't use `macro parameter character #' in horizontal mode.
<argument> ...gnorespaces Inode Structure ########
                                                  TODO : give source to image.}
l.22 ...ure ####TODO : give source to image.}}{30}
                                                  
? 
)
\tf@lof=\write4
\openout4 = `report.lof'.

 [3

]
Chapter 1.
[4

] <images/bootProcess.png, id=23, 676.5275pt x 242.9075pt>
File: images/bootProcess.png Graphic file (type png)

<use images/bootProcess.png>
Package pdftex.def Info: images/bootProcess.png used on input line 74.
(pdftex.def)             Requested size: 416.55777pt x 149.57068pt.
 [5

 <./images/bootProcess.png>]
<images/kernel.png, id=27, 383.4325pt x 303.1325pt>
File: images/kernel.png Graphic file (type png)
 <use images/kernel.png>
Package pdftex.def Info: images/kernel.png used on input line 92.
(pdftex.def)             Requested size: 150.56305pt x 119.03064pt.

<images/windowing.png, id=29, 2007.5pt x 1505.625pt>
File: images/windowing.png Graphic file (type png)

<use images/windowing.png>
Package pdftex.def Info: images/windowing.png used on input line 107.
(pdftex.def)             Requested size: 250.93842pt x 188.20267pt.
 [6

 <./images/kernel.png> <./images/windowing.png>]
LaTeX Font Info:    Try loading font information for OMS+cmr on input line 141.


(/usr/local/texlive/2014/texmf-dist/tex/latex/base/omscmr.fd
File: omscmr.fd 1999/05/25 v2.5h Standard LaTeX font definitions
)
LaTeX Font Info:    Font shape `OMS/cmr/m/n' in size <10> not available
(Font)              Font shape `OMS/cmsy/m/n' tried instead on input line 141.
 [7

]
Chapter 2.
[8

]
Chapter 3.
[9


]
<images/Windows_Program_Launcher_Screenshot.png, id=46, 1606.0pt x 903.375pt>
File: images/Windows_Program_Launcher_Screenshot.png Graphic file (type png)

<use images/Windows_Program_Launcher_Screenshot.png>
Package pdftex.def Info: images/Windows_Program_Launcher_Screenshot.png used on
 input line 254.
(pdftex.def)             Requested size: 200.75073pt x 112.9216pt.

<images/Linux_Program_Launcher_Screenshot.png, id=47, 1445.4pt x 903.375pt>
File: images/Linux_Program_Launcher_Screenshot.png Graphic file (type png)

<use images/Linux_Program_Launcher_Screenshot.png>
Package pdftex.def Info: images/Linux_Program_Launcher_Screenshot.png used on i
nput line 260.
(pdftex.def)             Requested size: 200.75073pt x 125.46538pt.
 [10

 <./images/Windows_Program_Launcher_Screenshot.png> <./images/Linux_Program_Lau
ncher_Screenshot.png>]
<images/Windows_Program_Manager_Screenshot.png, id=52, 602.25pt x 385.44pt>
File: images/Windows_Program_Manager_Screenshot.png Graphic file (type png)

<use images/Windows_Program_Manager_Screenshot.png>
Package pdftex.def Info: images/Windows_Program_Manager_Screenshot.png used on 
input line 285.
(pdftex.def)             Requested size: 200.75073pt x 128.47772pt.

<images/Linux_Program_Manager_Screenshot.png, id=53, 715.67375pt x 452.69125pt>
File: images/Linux_Program_Manager_Screenshot.png Graphic file (type png)
<use images/Linux_Program_Manager_Screenshot.png>
Package pdftex.def Info: images/Linux_Program_Manager_Screenshot.png used on in
put line 291.
(pdftex.def)             Requested size: 200.75073pt x 126.98062pt.

<images/Windows_title_bar_screenshot.png, id=54, 508.14844pt x 24.09pt>
File: images/Windows_title_bar_screenshot.png Graphic file (type png)

<use images/Windows_title_bar_screenshot.png>
Package pdftex.def Info: images/Windows_title_bar_screenshot.png used on input 
line 312.
(pdftex.def)             Requested size: 200.75073pt x 9.51709pt.

<images/Linux_title_bar_screenshot.png, id=55, 720.6925pt x 36.135pt>
File: images/Linux_title_bar_screenshot.png Graphic file (type png)

<use images/Linux_title_bar_screenshot.png>
Package pdftex.def Info: images/Linux_title_bar_screenshot.png used on input li
ne 319.
(pdftex.def)             Requested size: 200.75073pt x 10.06534pt.
 [11 <./images/Windows_Program_Manager_Screenshot.png> <./images/Linux_Program_
Manager_Screenshot.png>]
<images/Windows_Window_Navigation_Screenshot.png, id=61, 1606.0pt x 903.375pt>
File: images/Windows_Window_Navigation_Screenshot.png Graphic file (type png)

<use images/Windows_Window_Navigation_Screenshot.png>
Package pdftex.def Info: images/Windows_Window_Navigation_Screenshot.png used o
n input line 336.
(pdftex.def)             Requested size: 200.75073pt x 112.9216pt.

<images/Linux_Window_Navigation_Screenshot.png, id=62, 1445.4pt x 903.375pt>
File: images/Linux_Window_Navigation_Screenshot.png Graphic file (type png)

<use images/Linux_Window_Navigation_Screenshot.png>
Package pdftex.def Info: images/Linux_Window_Navigation_Screenshot.png used on 
input line 342.
(pdftex.def)             Requested size: 200.75073pt x 125.46538pt.
 [12 <./images/Windows_title_bar_screenshot.png> <./images/Linux_title_bar_scre
enshot.png> <./images/Windows_Window_Navigation_Screenshot.png> <./images/Linux
_Window_Navigation_Screenshot.png>] [13

] [14]
Chapter 4.
[15


]
! Missing $ inserted.
<inserted text> 
                $
l.492 ...ne at the bottom of the screen, with a \>
                                                   prompt where the user can...

? 
! Missing $ inserted.
<inserted text> 
                $
l.493 
      
? 
[16

] [17] [18]

! LaTeX Error: File `images/Kernel_Modules' not found.

See the LaTeX manual or LaTeX Companion for explanation.
Type  H <return>  for immediate help.
 ...                                              
                                                  
l.664 ...phics[width=400px]{images/Kernel_Modules}
                                                  
? 
[19

] [20] [21]
Chapter 5.
[22

] <images/Scheduler_Structure.png, id=103, 1146.2825pt x 346.29375pt>
File: images/Scheduler_Structure.png Graphic file (type png)

<use images/Scheduler_Structure.png>
Package pdftex.def Info: images/Scheduler_Structure.png used on input line 848.

(pdftex.def)             Requested size: 401.50146pt x 121.29445pt.
 [23

 <./images/Scheduler_Structure.png>]
<images/Process_Entry_Structure.png, id=107, 1286.8075pt x 667.49374pt>
File: images/Process_Entry_Structure.png Graphic file (type png)

<use images/Process_Entry_Structure.png>
Package pdftex.def Info: images/Process_Entry_Structure.png used on input line 
873.
(pdftex.def)             Requested size: 401.50146pt x 208.26537pt.
 [24

 <./images/Process_Entry_Structure.png>] [25] [26

] [27] <images/List_Speedup.png, id=121, 845.1575pt x 244.915pt>
File: images/List_Speedup.png Graphic file (type png)

<use images/List_Speedup.png>
Package pdftex.def Info: images/List_Speedup.png used on input line 997.
(pdftex.def)             Requested size: 401.50146pt x 116.35077pt.
 [28 <./images/List_Speedup.png>]
<images/Caching_Table.png, id=125, 704.6325pt x 164.615pt>
File: images/Caching_Table.png Graphic file (type png)

<use images/Caching_Table.png>
Package pdftex.def Info: images/Caching_Table.png used on input line 1031.
(pdftex.def)             Requested size: 401.50146pt x 93.79636pt.

! Missing $ inserted.
<inserted text> 
                $
l.1038 ...ng layer provides the functions request_
                                                  read and request_write.
? 
! Missing $ inserted.
<inserted text> 
                $
l.1039 
       
? 
[29

 <./images/Caching_Table.png>]
! You can't use `macro parameter character #' in horizontal mode.
l.1085 ...project, it was significantly modified #
                                                  TODO
? 
<images/MRFS_Structure.png, id=130, 457.71pt x 287.0725pt>
File: images/MRFS_Structure.png Graphic file (type png)

<use images/MRFS_Structure.png>
Package pdftex.def Info: images/MRFS_Structure.png used on input line 1091.
(pdftex.def)             Requested size: 200.75073pt x 125.90929pt.

! Illegal parameter number in definition of \reserved@a.
<to be read again> 
                   T
l.1092 ...Structure #TODO : give source to image.}
                                                  
? 
! You can't use `macro parameter character #' in restricted horizontal mode.
<argument> ...e : \ignorespaces Inode Structure ##
                                                  TODO : give source to image.
l.1092 ...Structure #TODO : give source to image.}
                                                  
? 
[30 <./images/MRFS_Structure.png>] [31]
<images/Heap_Manager.png, id=139, 905.3825pt x 244.915pt>
File: images/Heap_Manager.png Graphic file (type png)

<use images/Heap_Manager.png>
Package pdftex.def Info: images/Heap_Manager.png used on input line 1158.
(pdftex.def)             Requested size: 401.50146pt x 108.6075pt.
 [32

 <./images/Heap_Manager.png>]
<images/Pipe_Manager.png, id=143, 927.465pt x 212.795pt>
File: images/Pipe_Manager.png Graphic file (type png)

<use images/Pipe_Manager.png>
Package pdftex.def Info: images/Pipe_Manager.png used on input line 1196.
(pdftex.def)             Requested size: 401.50146pt x 92.12022pt.
 [33

 <./images/Pipe_Manager.png>] [34]
Chapter 6.
[35

] [36] [37]
Chapter 7.
[38

] [39] [40] [41] [42]
Chapter 8.
<images/proposal_doc.pdf, id=176, 597.23125pt x 845.1575pt>
File: images/proposal_doc.pdf Graphic file (type pdf)

<use images/proposal_doc.pdf>
Package pdftex.def Info: images/proposal_doc.pdf used on input line 1549.
(pdftex.def)             Requested size: 597.22978pt x 845.15544pt.
File: images/proposal_doc.pdf Graphic file (type pdf)
 <use images/proposal_doc.pdf>
Package pdftex.def Info: images/proposal_doc.pdf used on input line 1549.
(pdftex.def)             Requested size: 597.22978pt x 845.15544pt.
 [43

]
<images/proposal_doc.pdf, id=182, page=1, 597.23125pt x 845.1575pt>
File: images/proposal_doc.pdf Graphic file (type pdf)

<use images/proposal_doc.pdf, page 1>
Package pdftex.def Info: images/proposal_doc.pdf, page1 used on input line 1549
.
(pdftex.def)             Requested size: 597.22978pt x 845.15544pt.
File: images/proposal_doc.pdf Graphic file (type pdf)
 <use images/proposal_doc.pdf, page 1>
Package pdftex.def Info: images/proposal_doc.pdf, page1 used on input line 1549
.
(pdftex.def)             Requested size: 597.25711pt x 845.19412pt.
File: images/proposal_doc.pdf Graphic file (type pdf)

<use images/proposal_doc.pdf, page 1>
Package pdftex.def Info: images/proposal_doc.pdf, page1 used on input line 1549
.
(pdftex.def)             Requested size: 597.25711pt x 845.19412pt.
File: images/proposal_doc.pdf Graphic file (type pdf)
 <use images/proposal_doc.pdf, page 1>
Package pdftex.def Info: images/proposal_doc.pdf, page1 used on input line 1549
.
(pdftex.def)             Requested size: 597.25711pt x 845.19412pt.
File: images/proposal_doc.pdf Graphic file (type pdf)

<use images/proposal_doc.pdf, page 1>
Package pdftex.def Info: images/proposal_doc.pdf, page1 used on input line 1549
.
(pdftex.def)             Requested size: 597.25711pt x 845.19412pt.
 [44 <./images/proposal_doc.pdf>]
<images/proposal_doc.pdf, id=224, page=2, 597.23125pt x 845.1575pt>
File: images/proposal_doc.pdf Graphic file (type pdf)

<use images/proposal_doc.pdf, page 2>
Package pdftex.def Info: images/proposal_doc.pdf, page2 used on input line 1549
.
(pdftex.def)             Requested size: 597.25711pt x 845.19412pt.
File: images/proposal_doc.pdf Graphic file (type pdf)
 <use images/proposal_doc.pdf, page 2>
Package pdftex.def Info: images/proposal_doc.pdf, page2 used on input line 1549
.
(pdftex.def)             Requested size: 597.25711pt x 845.19412pt.
File: images/proposal_doc.pdf Graphic file (type pdf)

<use images/proposal_doc.pdf, page 2>
Package pdftex.def Info: images/proposal_doc.pdf, page2 used on input line 1549
.
(pdftex.def)             Requested size: 597.25711pt x 845.19412pt.
 [45 <./images/proposal_doc.pdf>]
<images/proposal_doc.pdf, id=229, page=3, 597.23125pt x 845.1575pt>
File: images/proposal_doc.pdf Graphic file (type pdf)

<use images/proposal_doc.pdf, page 3>
Package pdftex.def Info: images/proposal_doc.pdf, page3 used on input line 1549
.
(pdftex.def)             Requested size: 597.25711pt x 845.19412pt.
File: images/proposal_doc.pdf Graphic file (type pdf)
 <use images/proposal_doc.pdf, page 3>
Package pdftex.def Info: images/proposal_doc.pdf, page3 used on input line 1549
.
(pdftex.def)             Requested size: 597.25711pt x 845.19412pt.
File: images/proposal_doc.pdf Graphic file (type pdf)

<use images/proposal_doc.pdf, page 3>
Package pdftex.def Info: images/proposal_doc.pdf, page3 used on input line 1549
.
(pdftex.def)             Requested size: 597.25711pt x 845.19412pt.
 [46 <./images/proposal_doc.pdf>]
(./report.bbl
Underfull \hbox (badness 10000) in paragraph at lines 4--7
[]\OT1/cmr/m/n/10 Code of con-duct | mem-ber-ship | bcs - the char-tered in-sti
-tute for it.
 []


Underfull \hbox (badness 10000) in paragraph at lines 24--27
[]\OT1/cmr/m/n/10 malloc(3): al-lo-cate/free dy-namic mem-ory - linux man page.

 []

) [47

] (./report.aux)

LaTeX Warning: There were multiply-defined labels.

 ) 
Here is how much of TeX's memory you used:
 3311 strings out of 493117
 48903 string characters out of 6135433
 120144 words of memory out of 5000000
 6697 multiletter control sequences out of 15000+600000
 9442 words of font info for 34 fonts, out of 8000000 for 9000
 1141 hyphenation exceptions out of 8191
 40i,18n,46p,912b,416s stack positions out of 5000i,500n,10000p,200000b,80000s
</usr/local/texlive/2014/texmf-dist/fonts/type1/public/amsfonts/cm/cmbx10.pfb
></usr/local/texlive/2014/texmf-dist/fonts/type1/public/amsfonts/cm/cmbx12.pfb>
</usr/local/texlive/2014/texmf-dist/fonts/type1/public/amsfonts/cm/cmmi10.pfb><
/usr/local/texlive/2014/texmf-dist/fonts/type1/public/amsfonts/cm/cmmi7.pfb></u
sr/local/texlive/2014/texmf-dist/fonts/type1/public/amsfonts/cm/cmr10.pfb></usr
/local/texlive/2014/texmf-dist/fonts/type1/public/amsfonts/cm/cmr12.pfb></usr/l
ocal/texlive/2014/texmf-dist/fonts/type1/public/amsfonts/cm/cmr17.pfb></usr/loc
al/texlive/2014/texmf-dist/fonts/type1/public/amsfonts/cm/cmsy10.pfb></usr/loca
l/texlive/2014/texmf-dist/fonts/type1/public/amsfonts/cm/cmtt9.pfb>
Output written on report.pdf (48 pages, 4379652 bytes).
PDF statistics:
 269 PDF objects out of 1000 (max. 8388607)
 160 compressed objects within 2 object streams
 0 named destinations out of 1000 (max. 500000)
 121 words of extra memory for PDF output out of 10000 (max. 10000000)

